\BOOKMARK [1][]{section.1}{\376\377\116\000\060\001\000\040\225\356\230\230\221\315\217\360}{}% 1
\BOOKMARK [2][]{subsection.1.1}{\376\377\0001\000.\0001\000\040\225\356\230\230\200\314\146\157}{section.1}% 2
\BOOKMARK [2][]{subsection.1.2}{\376\377\0001\000.\0002\000\040\225\356\230\230\166\204\143\320\121\372}{section.1}% 3
\BOOKMARK [1][]{section.2}{\376\377\116\214\060\001\000\040\225\356\230\230\122\006\147\220}{}% 4
\BOOKMARK [2][]{subsection.2.1}{\376\377\0002\000.\0001\000\040\225\356\230\230\116\000\166\204\122\006\147\220}{section.2}% 5
\BOOKMARK [2][]{subsection.2.2}{\376\377\0002\000.\0002\000\040\225\356\230\230\116\214\166\204\122\006\147\220}{section.2}% 6
\BOOKMARK [2][]{subsection.2.3}{\376\377\0002\000.\0003\000\040\225\356\230\230\116\011\166\204\122\006\147\220}{section.2}% 7
\BOOKMARK [2][]{subsection.2.4}{\376\377\0002\000.\0004\000\040\225\356\230\230\126\333\166\204\122\006\147\220}{section.2}% 8
\BOOKMARK [1][]{section.3}{\376\377\116\011\060\001\000\040\127\372\147\054\120\107\213\276}{}% 9
\BOOKMARK [1][]{section.4}{\376\377\126\333\060\001\000\040\173\046\123\367\213\364\146\016}{}% 10
\BOOKMARK [1][]{section.5}{\376\377\116\224\060\001\000\040\225\356\230\230\116\000\166\204\154\102\211\343}{}% 11
\BOOKMARK [2][]{subsection.5.1}{\376\377\0005\000.\0001\000\040\225\356\230\230\116\000\166\204\122\006\147\220}{section.5}% 12
\BOOKMARK [2][]{subsection.5.2}{\376\377\0005\000.\0002\000\040\152\041\127\213\166\204\154\102\211\343}{section.5}% 13
\BOOKMARK [1][]{section.6}{\376\377\121\155\060\001\000\040\225\356\230\230\116\214\166\204\154\102\211\343}{}% 14
\BOOKMARK [2][]{subsection.6.1}{\376\377\0006\000.\0001\000\040\225\356\230\230\116\214\166\204\122\006\147\220}{section.6}% 15
\BOOKMARK [2][]{subsection.6.2}{\376\377\0006\000.\0002\000\040\152\041\127\213\166\204\136\372\172\313\116\016\154\102\211\343}{section.6}% 16
\BOOKMARK [1][]{section.7}{\376\377\116\003\060\001\000\040\225\356\230\230\116\011\166\204\154\102\211\343}{}% 17
\BOOKMARK [2][]{subsection.7.1}{\376\377\0007\000.\0001\000\040\225\356\230\230\116\011\166\204\122\006\147\220}{section.7}% 18
\BOOKMARK [2][]{subsection.7.2}{\376\377\0007\000.\0002\000\040\152\041\127\213\166\204\136\372\172\313\116\016\154\102\211\343}{section.7}% 19
\BOOKMARK [1][]{section.8}{\376\377\121\153\060\001\000\040\225\356\230\230\126\333\166\204\154\102\211\343}{}% 20
\BOOKMARK [2][]{subsection.8.1}{\376\377\0008\000.\0001\000\040\225\356\230\230\126\333\166\204\122\006\147\220}{section.8}% 21
\BOOKMARK [2][]{subsection.8.2}{\376\377\0008\000.\0002\000\040\152\041\127\213\166\204\136\372\172\313\116\016\154\102\211\343}{section.8}% 22
\BOOKMARK [1][]{section.9}{\376\377\116\135\060\001\000\040\160\165\145\117\136\246\150\300\232\214}{}% 23
\BOOKMARK [1][]{section.10}{\376\377\123\101\060\001\000\040\152\041\127\213\166\204\213\304\116\367\124\214\143\250\136\177}{}% 24
\BOOKMARK [2][]{subsection.10.1}{\376\377\0001\0000\000.\0001\000\040\152\041\127\213\166\204\213\304\116\367}{section.10}% 25
\BOOKMARK [3][]{subsubsection.10.1.1}{\376\377\0001\0000\000.\0001\000.\0001\000\040\152\041\127\213\166\204\117\030\160\271}{subsection.10.1}% 26
\BOOKMARK [3][]{subsubsection.10.1.2}{\376\377\0001\0000\000.\0001\000.\0002\000\040\152\041\127\213\166\204\177\072\160\271}{subsection.10.1}% 27
\BOOKMARK [1][]{section*.2}{\376\377\123\302\200\003\145\207\163\056}{}% 28
\BOOKMARK [1][]{section.11}{\376\377\123\101\116\000\060\001\000\040\123\302\200\003\145\207\163\056}{}% 29
\BOOKMARK [1][]{附录.a.A}{\376\377\226\104\137\125\000\040\000A\000\040\137\025\165\050}{}% 30
\BOOKMARK [1][]{附录.a.B}{\376\377\226\104\137\125\000\040\000B\000\040\143\222\226\037\173\227\154\325\040\023\000m\000a\000t\000l\000a\000b\000\040\156\220\172\013\136\217}{}% 31
\BOOKMARK [1][]{附录.a.C}{\376\377\226\104\137\125\000\040\000C\000\040\225\177\210\150\150\074}{}% 32
\BOOKMARK [1][]{附录.a.D}{\376\377\226\104\137\125\000\040\000D\000\040\210\150\150\074}{}% 33
\BOOKMARK [1][]{附录.a.E}{\376\377\226\104\137\125\000\040\000E\000\040\126\376\162\107}{}% 34
\BOOKMARK [1][]{附录.a.F}{\376\377\226\104\137\125\000\040\000F\000\040\136\166\143\222\126\376\162\107\060\001\210\150\150\074}{}% 35
\BOOKMARK [1][]{附录.a.G}{\376\377\226\104\137\125\000\040\000G\000\040\145\160\133\146\121\154\137\017}{}% 36
